# JRE version: Java(TM) SE Runtime Environment 18.9 (11.0.10+8) (build 11.0.10+8-LTS-162)
# Java VM: Java HotSpot(TM) 64-Bit Server VM 18.9 (11.0.10+8-LTS-162, mixed mode, tiered, compressed oops, g1 gc, windows-amd64)
Heap:
 garbage-first heap   total 262144K, used 117858K [0x00000000e0000000, 0x0000000100000000)
  region size 1024K, 68 young (69632K), 2 survivors (2048K)
 Metaspace       used 61269K, capacity 62516K, committed 62676K, reserved 309248K
  class space    used 8281K, capacity 8778K, committed 8832K, reserved 253952K
GC Heap History (10 events):
Event: 3.998 GC heap before
{Heap before GC invocations=6 (full 0):
 garbage-first heap   total 262144K, used 76015K [0x00000000e0000000, 0x0000000100000000)
  region size 1024K, 58 young (59392K), 1 survivors (1024K)
 Metaspace       used 26776K, capacity 27481K, committed 27520K, reserved 278528K
  class space    used 3481K, capacity 3706K, committed 3712K, reserved 253952K
}
Event: 4.003 GC heap after
{Heap after GC invocations=7 (full 0):
 garbage-first heap   total 262144K, used 19635K [0x00000000e0000000, 0x0000000100000000)
  region size 1024K, 3 young (3072K), 3 survivors (3072K)
 Metaspace       used 26776K, capacity 27481K, committed 27520K, reserved 278528K
  class space    used 3481K, capacity 3706K, committed 3712K, reserved 253952K
}
Event: 4.903 GC heap before
{Heap before GC invocations=7 (full 0):
 garbage-first heap   total 262144K, used 73907K [0x00000000e0000000, 0x0000000100000000)
  region size 1024K, 57 young (58368K), 3 survivors (3072K)
 Metaspace       used 35140K, capacity 35909K, committed 36048K, reserved 286720K
  class space    used 4544K, capacity 4839K, committed 4864K, reserved 253952K
}
Event: 4.909 GC heap after
{Heap after GC invocations=8 (full 0):
 garbage-first heap   total 262144K, used 23099K [0x00000000e0000000, 0x0000000100000000)
  region size 1024K, 7 young (7168K), 7 survivors (7168K)
 Metaspace       used 35140K, capacity 35909K, committed 36048K, reserved 286720K
  class space    used 4544K, capacity 4839K, committed 4864K, reserved 253952K
}
Event: 6.267 GC heap before
{Heap before GC invocations=9 (full 0):
 garbage-first heap   total 262144K, used 116283K [0x00000000e0000000, 0x0000000100000000)
  region size 1024K, 98 young (100352K), 7 survivors (7168K)
 Metaspace       used 43144K, capacity 44204K, committed 44496K, reserved 292864K
  class space    used 5615K, capacity 6031K, committed 6144K, reserved 253952K
}
Event: 6.278 GC heap after
{Heap after GC invocations=10 (full 0):
 garbage-first heap   total 262144K, used 28754K [0x00000000e0000000, 0x0000000100000000)
  region size 1024K, 12 young (12288K), 12 survivors (12288K)
 Metaspace       used 43144K, capacity 44204K, committed 44496K, reserved 292864K
  class space    used 5615K, capacity 6031K, committed 6144K, reserved 253952K
}
Event: 8.066 GC heap before
{Heap before GC invocations=10 (full 0):
 garbage-first heap   total 262144K, used 179282K [0x00000000e0000000, 0x0000000100000000)
  region size 1024K, 153 young (156672K), 12 survivors (12288K)
 Metaspace       used 56601K, capacity 57728K, committed 57808K, reserved 305152K
  class space    used 7706K, capacity 8167K, committed 8192K, reserved 253952K
}
Event: 8.083 GC heap after
{Heap after GC invocations=11 (full 0):
 garbage-first heap   total 262144K, used 45029K [0x00000000e0000000, 0x0000000100000000)
  region size 1024K, 19 young (19456K), 19 survivors (19456K)
 Metaspace       used 56601K, capacity 57728K, committed 57808K, reserved 305152K
  class space    used 7706K, capacity 8167K, committed 8192K, reserved 253952K
}
Event: 8.351 GC heap before
{Heap before GC invocations=11 (full 0):
 garbage-first heap   total 262144K, used 73701K [0x00000000e0000000, 0x0000000100000000)
  region size 1024K, 44 young (45056K), 19 survivors (19456K)
 Metaspace       used 58946K, capacity 60109K, committed 60240K, reserved 307200K
  class space    used 8001K, capacity 8470K, committed 8576K, reserved 253952K
}
Event: 8.368 GC heap after
{Heap after GC invocations=12 (full 0):
 garbage-first heap   total 262144K, used 46178K [0x00000000e0000000, 0x0000000100000000)
  region size 1024K, 2 young (2048K), 2 survivors (2048K)
 Metaspace       used 58946K, capacity 60109K, committed 60240K, reserved 307200K
  class space    used 8001K, capacity 8470K, committed 8576K, reserved 253952K
}

