# JRE version: Java(TM) SE Runtime Environment 18.9 (11.0.10+8) (build 11.0.10+8-LTS-162)
# Java VM: Java HotSpot(TM) 64-Bit Server VM 18.9 (11.0.10+8-LTS-162, mixed mode, tiered, compressed oops, g1 gc, windows-amd64)
Heap:
 garbage-first heap   total 262144K, used 225688K [0x00000000e0000000, 0x0000000100000000)
  region size 1024K, 12 young (12288K), 2 survivors (2048K)
 Metaspace       used 129203K, capacity 132375K, committed 132480K, reserved 370688K
  class space    used 16309K, capacity 17516K, committed 17536K, reserved 253952K
GC Heap History (10 events):
Event: 33.745 GC heap before
{Heap before GC invocations=54 (full 0):
 garbage-first heap   total 262144K, used 229475K [0x00000000e0000000, 0x0000000100000000)
  region size 1024K, 18 young (18432K), 2 survivors (2048K)
 Metaspace       used 126026K, capacity 129258K, committed 129536K, reserved 366592K
  class space    used 15890K, capacity 17095K, committed 17152K, reserved 253952K
}
Event: 33.749 GC heap after
{Heap after GC invocations=55 (full 0):
 garbage-first heap   total 262144K, used 214771K [0x00000000e0000000, 0x0000000100000000)
  region size 1024K, 3 young (3072K), 3 survivors (3072K)
 Metaspace       used 126026K, capacity 129258K, committed 129536K, reserved 366592K
  class space    used 15890K, capacity 17095K, committed 17152K, reserved 253952K
}
Event: 33.812 GC heap before
{Heap before GC invocations=55 (full 0):
 garbage-first heap   total 262144K, used 223987K [0x00000000e0000000, 0x0000000100000000)
  region size 1024K, 12 young (12288K), 3 survivors (3072K)
 Metaspace       used 126257K, capacity 129488K, committed 129536K, reserved 366592K
  class space    used 15929K, capacity 17129K, committed 17152K, reserved 253952K
}
Event: 33.822 GC heap after
{Heap after GC invocations=56 (full 0):
 garbage-first heap   total 262144K, used 214465K [0x00000000e0000000, 0x0000000100000000)
  region size 1024K, 1 young (1024K), 1 survivors (1024K)
 Metaspace       used 126257K, capacity 129488K, committed 129536K, reserved 366592K
  class space    used 15929K, capacity 17129K, committed 17152K, reserved 253952K
}
Event: 33.960 GC heap before
{Heap before GC invocations=56 (full 0):
 garbage-first heap   total 262144K, used 229825K [0x00000000e0000000, 0x0000000100000000)
  region size 1024K, 16 young (16384K), 1 survivors (1024K)
 Metaspace       used 126517K, capacity 129769K, committed 129920K, reserved 366592K
  class space    used 15970K, capacity 17181K, committed 17280K, reserved 253952K
}
Event: 33.965 GC heap after
{Heap after GC invocations=57 (full 0):
 garbage-first heap   total 262144K, used 215739K [0x00000000e0000000, 0x0000000100000000)
  region size 1024K, 2 young (2048K), 2 survivors (2048K)
 Metaspace       used 126517K, capacity 129769K, committed 129920K, reserved 366592K
  class space    used 15970K, capacity 17181K, committed 17280K, reserved 253952K
}
Event: 34.416 GC heap before
{Heap before GC invocations=57 (full 0):
 garbage-first heap   total 262144K, used 230075K [0x00000000e0000000, 0x0000000100000000)
  region size 1024K, 17 young (17408K), 2 survivors (2048K)
 Metaspace       used 127304K, capacity 130541K, committed 130816K, reserved 368640K
  class space    used 16076K, capacity 17290K, committed 17408K, reserved 253952K
}
Event: 34.421 GC heap after
{Heap after GC invocations=58 (full 0):
 garbage-first heap   total 262144K, used 216437K [0x00000000e0000000, 0x0000000100000000)
  region size 1024K, 2 young (2048K), 2 survivors (2048K)
 Metaspace       used 127304K, capacity 130541K, committed 130816K, reserved 368640K
  class space    used 16076K, capacity 17290K, committed 17408K, reserved 253952K
}
Event: 34.850 GC heap before
{Heap before GC invocations=58 (full 0):
 garbage-first heap   total 262144K, used 230773K [0x00000000e0000000, 0x0000000100000000)
  region size 1024K, 16 young (16384K), 2 survivors (2048K)
 Metaspace       used 128811K, capacity 131978K, committed 132224K, reserved 368640K
  class space    used 16255K, capacity 17442K, committed 17536K, reserved 253952K
}
Event: 34.854 GC heap after
{Heap after GC invocations=59 (full 0):
 garbage-first heap   total 262144K, used 217496K [0x00000000e0000000, 0x0000000100000000)
  region size 1024K, 2 young (2048K), 2 survivors (2048K)
 Metaspace       used 128811K, capacity 131978K, committed 132224K, reserved 368640K
  class space    used 16255K, capacity 17442K, committed 17536K, reserved 253952K
}

