# JRE version: Java(TM) SE Runtime Environment 18.9 (11.0.10+8) (build 11.0.10+8-LTS-162)
# Java VM: Java HotSpot(TM) 64-Bit Server VM 18.9 (11.0.10+8-LTS-162, mixed mode, tiered, compressed oops, g1 gc, windows-amd64)
Heap:
 garbage-first heap   total 262144K, used 189647K [0x00000000e0000000, 0x0000000100000000)
  region size 1024K, 21 young (21504K), 6 survivors (6144K)
 Metaspace       used 148381K, capacity 151739K, committed 153844K, reserved 389120K
  class space    used 18315K, capacity 19608K, committed 20096K, reserved 253952K
GC Heap History (10 events):
Event: 1128.988 GC heap before
{Heap before GC invocations=52 (full 0):
 garbage-first heap   total 262144K, used 216496K [0x00000000e0000000, 0x0000000100000000)
  region size 1024K, 70 young (71680K), 6 survivors (6144K)
 Metaspace       used 145787K, capacity 149163K, committed 151156K, reserved 387072K
  class space    used 18161K, capacity 19460K, committed 19968K, reserved 253952K
}
Event: 1129.032 GC heap after
{Heap after GC invocations=53 (full 0):
 garbage-first heap   total 262144K, used 158720K [0x00000000e0000000, 0x0000000100000000)
  region size 1024K, 9 young (9216K), 9 survivors (9216K)
 Metaspace       used 145787K, capacity 149163K, committed 151156K, reserved 387072K
  class space    used 18161K, capacity 19460K, committed 19968K, reserved 253952K
}
Event: 1130.397 GC heap before
{Heap before GC invocations=53 (full 0):
 garbage-first heap   total 262144K, used 219136K [0x00000000e0000000, 0x0000000100000000)
  region size 1024K, 68 young (69632K), 9 survivors (9216K)
 Metaspace       used 145891K, capacity 149227K, committed 151412K, reserved 387072K
  class space    used 18161K, capacity 19460K, committed 19968K, reserved 253952K
}
Event: 1130.432 GC heap after
{Heap after GC invocations=54 (full 0):
 garbage-first heap   total 262144K, used 169946K [0x00000000e0000000, 0x0000000100000000)
  region size 1024K, 9 young (9216K), 9 survivors (9216K)
 Metaspace       used 145891K, capacity 149227K, committed 151412K, reserved 387072K
  class space    used 18161K, capacity 19460K, committed 19968K, reserved 253952K
}
Event: 1131.327 GC heap before
{Heap before GC invocations=55 (full 0):
 garbage-first heap   total 262144K, used 220122K [0x00000000e0000000, 0x0000000100000000)
  region size 1024K, 57 young (58368K), 9 survivors (9216K)
 Metaspace       used 146428K, capacity 149778K, committed 152052K, reserved 387072K
  class space    used 18191K, capacity 19493K, committed 20096K, reserved 253952K
}
Event: 1131.344 GC heap after
{Heap after GC invocations=56 (full 0):
 garbage-first heap   total 262144K, used 175423K [0x00000000e0000000, 0x0000000100000000)
  region size 1024K, 5 young (5120K), 5 survivors (5120K)
 Metaspace       used 146428K, capacity 149778K, committed 152052K, reserved 387072K
  class space    used 18191K, capacity 19493K, committed 20096K, reserved 253952K
}
Event: 1131.377 GC heap before
{Heap before GC invocations=56 (full 0):
 garbage-first heap   total 262144K, used 182591K [0x00000000e0000000, 0x0000000100000000)
  region size 1024K, 12 young (12288K), 5 survivors (5120K)
 Metaspace       used 146438K, capacity 149778K, committed 152052K, reserved 387072K
  class space    used 18191K, capacity 19493K, committed 20096K, reserved 253952K
}
Event: 1131.392 GC heap after
{Heap after GC invocations=57 (full 0):
 garbage-first heap   total 262144K, used 171561K [0x00000000e0000000, 0x0000000100000000)
  region size 1024K, 2 young (2048K), 2 survivors (2048K)
 Metaspace       used 146438K, capacity 149778K, committed 152052K, reserved 387072K
  class space    used 18191K, capacity 19493K, committed 20096K, reserved 253952K
}
Event: 1135.876 GC heap before
{Heap before GC invocations=57 (full 0):
 garbage-first heap   total 262144K, used 219689K [0x00000000e0000000, 0x0000000100000000)
  region size 1024K, 49 young (50176K), 2 survivors (2048K)
 Metaspace       used 147555K, capacity 150928K, committed 153076K, reserved 387072K
  class space    used 18268K, capacity 19572K, committed 20096K, reserved 253952K
}
Event: 1135.887 GC heap after
{Heap after GC invocations=58 (full 0):
 garbage-first heap   total 262144K, used 175311K [0x00000000e0000000, 0x0000000100000000)
  region size 1024K, 6 young (6144K), 6 survivors (6144K)
 Metaspace       used 147555K, capacity 150928K, committed 153076K, reserved 387072K
  class space    used 18268K, capacity 19572K, committed 20096K, reserved 253952K
}

