# JRE version: Java(TM) SE Runtime Environment 18.9 (11.0.10+8) (build 11.0.10+8-LTS-162)
# Java VM: Java HotSpot(TM) 64-Bit Server VM 18.9 (11.0.10+8-LTS-162, mixed mode, tiered, compressed oops, g1 gc, windows-amd64)
Heap:
 garbage-first heap   total 262144K, used 208610K [0x00000000e0000000, 0x0000000100000000)
  region size 1024K, 55 young (56320K), 2 survivors (2048K)
 Metaspace       used 119093K, capacity 122092K, committed 122240K, reserved 360448K
  class space    used 15052K, capacity 16152K, committed 16256K, reserved 253952K
GC Heap History (10 events):
Event: 21.720 GC heap before
{Heap before GC invocations=23 (full 0):
 garbage-first heap   total 262144K, used 212992K [0x00000000e0000000, 0x0000000100000000)
  region size 1024K, 79 young (80896K), 12 survivors (12288K)
 Metaspace       used 108761K, capacity 111175K, committed 111360K, reserved 352256K
  class space    used 13917K, capacity 14832K, committed 14848K, reserved 253952K
}
Event: 21.733 GC heap after
{Heap after GC invocations=24 (full 0):
 garbage-first heap   total 262144K, used 150016K [0x00000000e0000000, 0x0000000100000000)
  region size 1024K, 6 young (6144K), 6 survivors (6144K)
 Metaspace       used 108761K, capacity 111175K, committed 111360K, reserved 352256K
  class space    used 13917K, capacity 14832K, committed 14848K, reserved 253952K
}
Event: 23.236 GC heap before
{Heap before GC invocations=24 (full 0):
 garbage-first heap   total 262144K, used 214528K [0x00000000e0000000, 0x0000000100000000)
  region size 1024K, 69 young (70656K), 6 survivors (6144K)
 Metaspace       used 112472K, capacity 115016K, committed 115328K, reserved 354304K
  class space    used 14181K, capacity 15141K, committed 15232K, reserved 253952K
}
Event: 23.246 GC heap after
{Heap after GC invocations=25 (full 0):
 garbage-first heap   total 262144K, used 156340K [0x00000000e0000000, 0x0000000100000000)
  region size 1024K, 6 young (6144K), 6 survivors (6144K)
 Metaspace       used 112472K, capacity 115016K, committed 115328K, reserved 354304K
  class space    used 14181K, capacity 15141K, committed 15232K, reserved 253952K
}
Event: 23.691 GC heap before
{Heap before GC invocations=26 (full 0):
 garbage-first heap   total 262144K, used 176820K [0x00000000e0000000, 0x0000000100000000)
  region size 1024K, 27 young (27648K), 6 survivors (6144K)
 Metaspace       used 114365K, capacity 117110K, committed 117248K, reserved 356352K
  class space    used 14476K, capacity 15497K, committed 15616K, reserved 253952K
}
Event: 23.704 GC heap after
{Heap after GC invocations=27 (full 0):
 garbage-first heap   total 262144K, used 152511K [0x00000000e0000000, 0x0000000100000000)
  region size 1024K, 2 young (2048K), 2 survivors (2048K)
 Metaspace       used 114365K, capacity 117110K, committed 117248K, reserved 356352K
  class space    used 14476K, capacity 15497K, committed 15616K, reserved 253952K
}
Event: 24.920 GC heap before
{Heap before GC invocations=28 (full 0):
 garbage-first heap   total 262144K, used 217023K [0x00000000e0000000, 0x0000000100000000)
  region size 1024K, 58 young (59392K), 2 survivors (2048K)
 Metaspace       used 118021K, capacity 120947K, committed 121088K, reserved 360448K
  class space    used 14959K, capacity 16041K, committed 16128K, reserved 253952K
}
Event: 24.927 GC heap after
{Heap after GC invocations=29 (full 0):
 garbage-first heap   total 262144K, used 164719K [0x00000000e0000000, 0x0000000100000000)
  region size 1024K, 7 young (7168K), 7 survivors (7168K)
 Metaspace       used 118021K, capacity 120947K, committed 121088K, reserved 360448K
  class space    used 14959K, capacity 16041K, committed 16128K, reserved 253952K
}
Event: 24.967 GC heap before
{Heap before GC invocations=29 (full 0):
 garbage-first heap   total 262144K, used 169839K [0x00000000e0000000, 0x0000000100000000)
  region size 1024K, 12 young (12288K), 7 survivors (7168K)
 Metaspace       used 118135K, capacity 121111K, committed 121344K, reserved 360448K
  class space    used 14968K, capacity 16073K, committed 16128K, reserved 253952K
}
Event: 24.973 GC heap after
{Heap after GC invocations=30 (full 0):
 garbage-first heap   total 262144K, used 155362K [0x00000000e0000000, 0x0000000100000000)
  region size 1024K, 2 young (2048K), 2 survivors (2048K)
 Metaspace       used 118135K, capacity 121111K, committed 121344K, reserved 360448K
  class space    used 14968K, capacity 16073K, committed 16128K, reserved 253952K
}

