# JRE version: Java(TM) SE Runtime Environment 18.9 (11.0.10+8) (build 11.0.10+8-LTS-162)
# Java VM: Java HotSpot(TM) 64-Bit Server VM 18.9 (11.0.10+8-LTS-162, mixed mode, tiered, compressed oops, g1 gc, windows-amd64)
Heap:
 garbage-first heap   total 262144K, used 199337K [0x00000000e0000000, 0x0000000100000000)
  region size 1024K, 15 young (15360K), 2 survivors (2048K)
 Metaspace       used 128694K, capacity 131814K, committed 131840K, reserved 368640K
  class space    used 16234K, capacity 17393K, committed 17408K, reserved 253952K
GC Heap History (10 events):
Event: 25.010 GC heap before
{Heap before GC invocations=38 (full 0):
 garbage-first heap   total 262144K, used 216795K [0x00000000e0000000, 0x0000000100000000)
  region size 1024K, 50 young (51200K), 5 survivors (5120K)
 Metaspace       used 124214K, capacity 127240K, committed 127360K, reserved 364544K
  class space    used 15599K, capacity 16730K, committed 16768K, reserved 253952K
}
Event: 25.025 GC heap after
{Heap after GC invocations=39 (full 0):
 garbage-first heap   total 262144K, used 174714K [0x00000000e0000000, 0x0000000100000000)
  region size 1024K, 4 young (4096K), 4 survivors (4096K)
 Metaspace       used 124214K, capacity 127240K, committed 127360K, reserved 364544K
  class space    used 15599K, capacity 16730K, committed 16768K, reserved 253952K
}
Event: 25.112 GC heap before
{Heap before GC invocations=39 (full 0):
 garbage-first heap   total 262144K, used 182906K [0x00000000e0000000, 0x0000000100000000)
  region size 1024K, 12 young (12288K), 4 survivors (4096K)
 Metaspace       used 124702K, capacity 127717K, committed 128000K, reserved 366592K
  class space    used 15670K, capacity 16800K, committed 16896K, reserved 253952K
}
Event: 25.117 GC heap after
{Heap after GC invocations=40 (full 0):
 garbage-first heap   total 262144K, used 174820K [0x00000000e0000000, 0x0000000100000000)
  region size 1024K, 1 young (1024K), 1 survivors (1024K)
 Metaspace       used 124702K, capacity 127717K, committed 128000K, reserved 366592K
  class space    used 15670K, capacity 16800K, committed 16896K, reserved 253952K
}
Event: 25.406 GC heap before
{Heap before GC invocations=40 (full 0):
 garbage-first heap   total 262144K, used 218852K [0x00000000e0000000, 0x0000000100000000)
  region size 1024K, 44 young (45056K), 1 survivors (1024K)
 Metaspace       used 125761K, capacity 128880K, committed 129024K, reserved 366592K
  class space    used 15864K, capacity 17042K, committed 17152K, reserved 253952K
}
Event: 25.412 GC heap after
{Heap after GC invocations=41 (full 0):
 garbage-first heap   total 262144K, used 177542K [0x00000000e0000000, 0x0000000100000000)
  region size 1024K, 4 young (4096K), 4 survivors (4096K)
 Metaspace       used 125761K, capacity 128880K, committed 129024K, reserved 366592K
  class space    used 15864K, capacity 17042K, committed 17152K, reserved 253952K
}
Event: 26.077 GC heap before
{Heap before GC invocations=42 (full 0):
 garbage-first heap   total 262144K, used 224646K [0x00000000e0000000, 0x0000000100000000)
  region size 1024K, 46 young (47104K), 4 survivors (4096K)
 Metaspace       used 128694K, capacity 131814K, committed 131840K, reserved 368640K
  class space    used 16234K, capacity 17393K, committed 17408K, reserved 253952K
}
Event: 26.086 GC heap after
{Heap after GC invocations=43 (full 0):
 garbage-first heap   total 262144K, used 184616K [0x00000000e0000000, 0x0000000100000000)
  region size 1024K, 3 young (3072K), 3 survivors (3072K)
 Metaspace       used 128694K, capacity 131814K, committed 131840K, reserved 368640K
  class space    used 16234K, capacity 17393K, committed 17408K, reserved 253952K
}
Event: 26.151 GC heap before
{Heap before GC invocations=43 (full 0):
 garbage-first heap   total 262144K, used 193832K [0x00000000e0000000, 0x0000000100000000)
  region size 1024K, 12 young (12288K), 3 survivors (3072K)
 Metaspace       used 128694K, capacity 131814K, committed 131840K, reserved 368640K
  class space    used 16234K, capacity 17393K, committed 17408K, reserved 253952K
}
Event: 26.159 GC heap after
{Heap after GC invocations=44 (full 0):
 garbage-first heap   total 262144K, used 187049K [0x00000000e0000000, 0x0000000100000000)
  region size 1024K, 2 young (2048K), 2 survivors (2048K)
 Metaspace       used 128694K, capacity 131814K, committed 131840K, reserved 368640K
  class space    used 16234K, capacity 17393K, committed 17408K, reserved 253952K
}

