# JRE version: Java(TM) SE Runtime Environment 18.9 (11.0.10+8) (build 11.0.10+8-LTS-162)
# Java VM: Java HotSpot(TM) 64-Bit Server VM 18.9 (11.0.10+8-LTS-162, mixed mode, tiered, compressed oops, g1 gc, windows-amd64)
Heap:
 garbage-first heap   total 262144K, used 155240K [0x00000000e0000000, 0x0000000100000000)
  region size 1024K, 131 young (134144K), 12 survivors (12288K)
 Metaspace       used 52332K, capacity 53714K, committed 53968K, reserved 301056K
  class space    used 6847K, capacity 7410K, committed 7424K, reserved 253952K
GC Heap History (10 events):
Event: 3.042 GC heap before
{Heap before GC invocations=3 (full 0):
 garbage-first heap   total 262144K, used 55549K [0x00000000e0000000, 0x0000000100000000)
  region size 1024K, 47 young (48128K), 4 survivors (4096K)
 Metaspace       used 17702K, capacity 18115K, committed 18432K, reserved 270336K
  class space    used 2087K, capacity 2212K, committed 2304K, reserved 253952K
}
Event: 3.047 GC heap after
{Heap after GC invocations=4 (full 0):
 garbage-first heap   total 262144K, used 16216K [0x00000000e0000000, 0x0000000100000000)
  region size 1024K, 6 young (6144K), 6 survivors (6144K)
 Metaspace       used 17702K, capacity 18115K, committed 18432K, reserved 270336K
  class space    used 2087K, capacity 2212K, committed 2304K, reserved 253952K
}
Event: 3.368 GC heap before
{Heap before GC invocations=4 (full 0):
 garbage-first heap   total 262144K, used 39768K [0x00000000e0000000, 0x0000000100000000)
  region size 1024K, 30 young (30720K), 6 survivors (6144K)
 Metaspace       used 20693K, capacity 21174K, committed 21296K, reserved 274432K
  class space    used 2517K, capacity 2661K, committed 2688K, reserved 253952K
}
Event: 3.374 GC heap after
{Heap after GC invocations=5 (full 0):
 garbage-first heap   total 262144K, used 17260K [0x00000000e0000000, 0x0000000100000000)
  region size 1024K, 5 young (5120K), 5 survivors (5120K)
 Metaspace       used 20693K, capacity 21174K, committed 21296K, reserved 274432K
  class space    used 2517K, capacity 2661K, committed 2688K, reserved 253952K
}
Event: 4.115 GC heap before
{Heap before GC invocations=6 (full 0):
 garbage-first heap   total 262144K, used 72556K [0x00000000e0000000, 0x0000000100000000)
  region size 1024K, 59 young (60416K), 5 survivors (5120K)
 Metaspace       used 26541K, capacity 27190K, committed 27264K, reserved 278528K
  class space    used 3442K, capacity 3673K, committed 3712K, reserved 253952K
}
Event: 4.122 GC heap after
{Heap after GC invocations=7 (full 0):
 garbage-first heap   total 262144K, used 19271K [0x00000000e0000000, 0x0000000100000000)
  region size 1024K, 3 young (3072K), 3 survivors (3072K)
 Metaspace       used 26541K, capacity 27190K, committed 27264K, reserved 278528K
  class space    used 3442K, capacity 3673K, committed 3712K, reserved 253952K
}
Event: 5.182 GC heap before
{Heap before GC invocations=7 (full 0):
 garbage-first heap   total 262144K, used 79687K [0x00000000e0000000, 0x0000000100000000)
  region size 1024K, 63 young (64512K), 3 survivors (3072K)
 Metaspace       used 35121K, capacity 35846K, committed 36048K, reserved 286720K
  class space    used 4544K, capacity 4839K, committed 4864K, reserved 253952K
}
Event: 5.188 GC heap after
{Heap after GC invocations=8 (full 0):
 garbage-first heap   total 262144K, used 22786K [0x00000000e0000000, 0x0000000100000000)
  region size 1024K, 7 young (7168K), 7 survivors (7168K)
 Metaspace       used 35121K, capacity 35846K, committed 36048K, reserved 286720K
  class space    used 4544K, capacity 4839K, committed 4864K, reserved 253952K
}
Event: 6.712 GC heap before
{Heap before GC invocations=9 (full 0):
 garbage-first heap   total 262144K, used 119042K [0x00000000e0000000, 0x0000000100000000)
  region size 1024K, 101 young (103424K), 7 survivors (7168K)
 Metaspace       used 43212K, capacity 44238K, committed 44496K, reserved 292864K
  class space    used 5619K, capacity 6020K, committed 6144K, reserved 253952K
}
Event: 6.729 GC heap after
{Heap after GC invocations=10 (full 0):
 garbage-first heap   total 262144K, used 28264K [0x00000000e0000000, 0x0000000100000000)
  region size 1024K, 12 young (12288K), 12 survivors (12288K)
 Metaspace       used 43212K, capacity 44238K, committed 44496K, reserved 292864K
  class space    used 5619K, capacity 6020K, committed 6144K, reserved 253952K
}

