# JRE version: Java(TM) SE Runtime Environment 18.9 (11.0.10+8) (build 11.0.10+8-LTS-162)
# Java VM: Java HotSpot(TM) 64-Bit Server VM 18.9 (11.0.10+8-LTS-162, mixed mode, tiered, compressed oops, g1 gc, windows-amd64)
Heap:
 garbage-first heap   total 281600K, used 277307K [0x00000000e0000000, 0x0000000100000000)
  region size 1024K, 12 young (12288K), 1 survivors (1024K)
 Metaspace       used 130620K, capacity 134049K, committed 134220K, reserved 370688K
  class space    used 16381K, capacity 17654K, committed 17740K, reserved 253952K
GC Heap History (10 events):
Event: 172.323 GC heap after
{Heap after GC invocations=79 (full 0):
 garbage-first heap   total 272384K, used 258191K [0x00000000e0000000, 0x0000000100000000)
  region size 1024K, 2 young (2048K), 2 survivors (2048K)
 Metaspace       used 130552K, capacity 133915K, committed 134220K, reserved 370688K
  class space    used 16381K, capacity 17653K, committed 17740K, reserved 253952K
}
Event: 172.364 GC heap before
{Heap before GC invocations=79 (full 0):
 garbage-first heap   total 272384K, used 269455K [0x00000000e0000000, 0x0000000100000000)
  region size 1024K, 13 young (13312K), 2 survivors (2048K)
 Metaspace       used 130552K, capacity 133915K, committed 134220K, reserved 370688K
  class space    used 16381K, capacity 17653K, committed 17740K, reserved 253952K
}
Event: 172.372 GC heap after
{Heap after GC invocations=80 (full 0):
 garbage-first heap   total 275456K, used 261769K [0x00000000e0000000, 0x0000000100000000)
  region size 1024K, 2 young (2048K), 2 survivors (2048K)
 Metaspace       used 130552K, capacity 133915K, committed 134220K, reserved 370688K
  class space    used 16381K, capacity 17653K, committed 17740K, reserved 253952K
}
Event: 172.436 GC heap before
{Heap before GC invocations=80 (full 0):
 garbage-first heap   total 275456K, used 272009K [0x00000000e0000000, 0x0000000100000000)
  region size 1024K, 13 young (13312K), 2 survivors (2048K)
 Metaspace       used 130558K, capacity 133915K, committed 134220K, reserved 370688K
  class space    used 16381K, capacity 17653K, committed 17740K, reserved 253952K
}
Event: 172.442 GC heap after
{Heap after GC invocations=81 (full 0):
 garbage-first heap   total 276480K, used 262635K [0x00000000e0000000, 0x0000000100000000)
  region size 1024K, 1 young (1024K), 1 survivors (1024K)
 Metaspace       used 130558K, capacity 133915K, committed 134220K, reserved 370688K
  class space    used 16381K, capacity 17653K, committed 17740K, reserved 253952K
}
Event: 172.544 GC heap before
{Heap before GC invocations=81 (full 0):
 garbage-first heap   total 276480K, used 273899K [0x00000000e0000000, 0x0000000100000000)
  region size 1024K, 13 young (13312K), 1 survivors (1024K)
 Metaspace       used 130563K, capacity 133979K, committed 134220K, reserved 370688K
  class space    used 16381K, capacity 17653K, committed 17740K, reserved 253952K
}
Event: 172.545 GC heap after
{Heap after GC invocations=82 (full 0):
 garbage-first heap   total 276480K, used 262614K [0x00000000e0000000, 0x0000000100000000)
  region size 1024K, 1 young (1024K), 1 survivors (1024K)
 Metaspace       used 130563K, capacity 133979K, committed 134220K, reserved 370688K
  class space    used 16381K, capacity 17653K, committed 17740K, reserved 253952K
}
Event: 172.688 GC heap before
{Heap before GC invocations=82 (full 0):
 garbage-first heap   total 276480K, used 274902K [0x00000000e0000000, 0x0000000100000000)
  region size 1024K, 13 young (13312K), 1 survivors (1024K)
 Metaspace       used 130588K, capacity 134049K, committed 134220K, reserved 370688K
  class space    used 16381K, capacity 17654K, committed 17740K, reserved 253952K
}
Event: 172.691 GC heap after
{Heap after GC invocations=83 (full 0):
 garbage-first heap   total 278528K, used 265019K [0x00000000e0000000, 0x0000000100000000)
  region size 1024K, 2 young (2048K), 2 survivors (2048K)
 Metaspace       used 130588K, capacity 134049K, committed 134220K, reserved 370688K
  class space    used 16381K, capacity 17654K, committed 17740K, reserved 253952K
}
Event: 172.800 GC heap before
{Heap before GC invocations=84 (full 0):
 garbage-first heap   total 278528K, used 277307K [0x00000000e0000000, 0x0000000100000000)
  region size 1024K, 13 young (13312K), 2 survivors (2048K)
 Metaspace       used 130620K, capacity 134049K, committed 134220K, reserved 370688K
  class space    used 16381K, capacity 17654K, committed 17740K, reserved 253952K
}

